<?xml version="1.0" encoding="UTF-8"?>
<!-- Generated by org.testng.reporters.JUnitReportReporter -->
<testsuite skipped="0" hostname="DESKTOP-8VVR7HJ" name="princelearning.mavenjava.RestAPITest" tests="2" failures="0" timestamp="2024-03-12T10:17:39 IST" time="0.006" errors="0">
  <testcase name="deleteTwitter" time="0.004" classname="princelearning.mavenjava.RestAPITest"/>
  <system-out/>
  <testcase name="postJira" time="0.002" classname="princelearning.mavenjava.RestAPITest"/>
  <system-out/>
</testsuite> <!-- princelearning.mavenjava.RestAPITest -->
