<?xml version="1.0" encoding="UTF-8"?>
<!-- Generated by org.testng.reporters.JUnitReportReporter -->
<testsuite skipped="0" hostname="DESKTOP-8VVR7HJ" name="princelearning.mavenjava.SeleniumTest" tests="2" failures="0" timestamp="2024-03-13T13:28:33 IST" time="0.017" errors="0">
  <testcase name="BrowserAutomation" time="0.015" classname="princelearning.mavenjava.SeleniumTest"/>
  <system-out/>
  <testcase name="elementsUI" time="0.002" classname="princelearning.mavenjava.SeleniumTest"/>
  <system-out/>
</testsuite> <!-- princelearning.mavenjava.SeleniumTest -->
