<?xml version="1.0" encoding="UTF-8"?>
<!-- Generated by org.testng.reporters.JUnitReportReporter -->
<testsuite hostname="DESKTOP-8VVR7HJ" name="princelearning.mavenjava.SeleniumTest" tests="2" failures="0" timestamp="12 Mar 2024 06:34:26 GMT" time="0.015" errors="0">
  <testcase name="elementsUI" time="0.000" classname="princelearning.mavenjava.SeleniumTest"/>
  <testcase name="BrowserAutomation" time="0.015" classname="princelearning.mavenjava.SeleniumTest"/>
</testsuite> <!-- princelearning.mavenjava.SeleniumTest -->
