<?xml version="1.0" encoding="UTF-8"?>
<!-- Generated by org.testng.reporters.JUnitReportReporter -->
<testsuite hostname="DESKTOP-8VVR7HJ" name="princelearning.mavenjava.RestAPITest" tests="2" failures="0" timestamp="12 Mar 2024 06:34:06 GMT" time="0.000" errors="0">
  <testcase name="deleteTwitter" time="0.000" classname="princelearning.mavenjava.RestAPITest"/>
  <testcase name="postJira" time="0.000" classname="princelearning.mavenjava.RestAPITest"/>
</testsuite> <!-- princelearning.mavenjava.RestAPITest -->
